<?xml version="1.0" encoding="UTF-8"?>
<!-- Generated by org.testng.reporters.JUnitReportReporter -->
<testsuite skipped="0" hostname="LAPTOP-72A17Q8C" name="com.coachspan.qa.Coachspan1.AvailabilityPageTest" tests="2" failures="0" timestamp="2021-02-19T13:45:48 IST" time="37.687" errors="0">
  <testcase name="RedirectToRegForm" time="37.587" classname="com.coachspan.qa.Coachspan1.AvailabilityPageTest"/>
  <system-out/>
  <testcase name="verifyPrimaryEmailField" time="0.100" classname="com.coachspan.qa.Coachspan1.AvailabilityPageTest"/>
  <system-out/>
</testsuite> <!-- com.coachspan.qa.Coachspan1.AvailabilityPageTest -->
