<?xml version="1.0" encoding="UTF-8"?>
<!-- Generated by org.testng.reporters.JUnitReportReporter -->
<testsuite skipped="0" hostname="LAPTOP-72A17Q8C" name="com.coachspan.qa.Coachspan1.LoginPageTest" tests="3" failures="0" timestamp="2021-02-28T19:53:51 IST" time="5.153" errors="0">
  <testcase name="verifyLoginPageTitle" time="0.100" classname="com.coachspan.qa.Coachspan1.LoginPageTest"/>
  <system-out/>
  <testcase name="verifyForgotPasswordLink" time="0.077" classname="com.coachspan.qa.Coachspan1.LoginPageTest"/>
  <system-out/>
  <testcase name="verifyLoginFunctionality" time="4.976" classname="com.coachspan.qa.Coachspan1.LoginPageTest"/>
  <system-out/>
</testsuite> <!-- com.coachspan.qa.Coachspan1.LoginPageTest -->
