<?xml version="1.0" encoding="UTF-8"?>
<!-- Generated by org.testng.reporters.JUnitReportReporter -->
<testsuite skipped="0" hostname="LAPTOP-72A17Q8C" name="com.coachspan.qa.Coachspan1.HomePageTest" tests="3" failures="0" timestamp="2021-02-24T16:23:34 IST" time="37.846" errors="0">
  <testcase name="verifyHomePageheadingTest" time="0.024" classname="com.coachspan.qa.Coachspan1.HomePageTest"/>
  <system-out/>
  <testcase name="verfiyHomeOrgLinkTest" time="0.038" classname="com.coachspan.qa.Coachspan1.HomePageTest"/>
  <system-out/>
  <testcase name="verifyContextBarSelection" time="37.784" classname="com.coachspan.qa.Coachspan1.HomePageTest"/>
  <system-out/>
</testsuite> <!-- com.coachspan.qa.Coachspan1.HomePageTest -->
