<?xml version="1.0" encoding="UTF-8"?>
<!-- Generated by org.testng.reporters.JUnitReportReporter -->
<testsuite skipped="0" hostname="LAPTOP-72A17Q8C" name="com.coachspan.qa.Coachspan1.CoachesPageTest" tests="3" failures="0" timestamp="2021-02-23T10:54:51 IST" time="13.919" errors="0">
  <testcase name="verifyCL4SPageShown" time="8.783" classname="com.coachspan.qa.Coachspan1.CoachesPageTest"/>
  <system-out/>
  <testcase name="verifyCL4SPageHeadingTest" time="5.059" classname="com.coachspan.qa.Coachspan1.CoachesPageTest"/>
  <system-out/>
  <testcase name="verifyTotalnumbercoachsonCL4S" time="0.077" classname="com.coachspan.qa.Coachspan1.CoachesPageTest"/>
  <system-out/>
</testsuite> <!-- com.coachspan.qa.Coachspan1.CoachesPageTest -->
