<?xml version="1.0" encoding="UTF-8"?>
<!-- Generated by org.testng.reporters.JUnitReportReporter -->
<testsuite skipped="0" hostname="LAPTOP-72A17Q8C" name="com.coachspan.qa.Coachspan1.CoachesPageTest" tests="3" failures="0" timestamp="2021-02-16T12:26:55 IST" time="6.506" errors="0">
  <testcase name="pageheadingTest" time="0.028" classname="com.coachspan.qa.Coachspan1.CoachesPageTest"/>
  <system-out/>
  <testcase name="coachespage" time="5.874" classname="com.coachspan.qa.Coachspan1.CoachesPageTest"/>
  <system-out/>
  <testcase name="noofcoaches" time="0.604" classname="com.coachspan.qa.Coachspan1.CoachesPageTest"/>
  <system-out/>
</testsuite> <!-- com.coachspan.qa.Coachspan1.CoachesPageTest -->
