<?xml version="1.0" encoding="UTF-8"?>
<!-- Generated by org.testng.reporters.JUnitReportReporter -->
<testsuite skipped="0" hostname="LAPTOP-72A17Q8C" name="com.coachspan.qa.Coachspan1.HomePageTest" tests="3" failures="0" timestamp="2021-02-16T12:44:16 IST" time="16.004" errors="0">
  <testcase name="homeorglinkTest" time="0.051" classname="com.coachspan.qa.Coachspan1.HomePageTest"/>
  <system-out/>
  <testcase name="selectContext" time="15.908" classname="com.coachspan.qa.Coachspan1.HomePageTest"/>
  <system-out/>
  <testcase name="homeheadingTest" time="0.045" classname="com.coachspan.qa.Coachspan1.HomePageTest"/>
  <system-out/>
</testsuite> <!-- com.coachspan.qa.Coachspan1.HomePageTest -->
