<?xml version="1.0" encoding="UTF-8"?>
<!-- Generated by org.testng.reporters.JUnitReportReporter -->
<testsuite skipped="0" hostname="LAPTOP-72A17Q8C" name="com.coachspan.qa.Coachspan1.HomePageTest" tests="3" failures="0" timestamp="2021-02-23T10:54:51 IST" time="41.955" errors="0">
  <testcase name="verifyContextBarSelection" time="41.831" classname="com.coachspan.qa.Coachspan1.HomePageTest"/>
  <system-out/>
  <testcase name="verfiyHomeOrgLinkTest" time="0.057" classname="com.coachspan.qa.Coachspan1.HomePageTest"/>
  <system-out/>
  <testcase name="verifyHomePageheadingTest" time="0.067" classname="com.coachspan.qa.Coachspan1.HomePageTest"/>
  <system-out/>
</testsuite> <!-- com.coachspan.qa.Coachspan1.HomePageTest -->
