<?xml version="1.0" encoding="UTF-8"?>
<!-- Generated by org.testng.reporters.JUnitReportReporter -->
<testsuite skipped="0" hostname="LAPTOP-72A17Q8C" name="com.coachspan.qa.Coachspan1.HomePageTest" tests="3" failures="0" timestamp="2021-02-19T13:45:48 IST" time="41.340" errors="0">
  <testcase name="homeheadingTest" time="0.113" classname="com.coachspan.qa.Coachspan1.HomePageTest"/>
  <system-out/>
  <testcase name="homeorglinkTest" time="0.061" classname="com.coachspan.qa.Coachspan1.HomePageTest"/>
  <system-out/>
  <testcase name="selectContext" time="41.166" classname="com.coachspan.qa.Coachspan1.HomePageTest"/>
  <system-out/>
</testsuite> <!-- com.coachspan.qa.Coachspan1.HomePageTest -->
