<?xml version="1.0" encoding="UTF-8"?>
<!-- Generated by org.testng.reporters.JUnitReportReporter -->
<testsuite skipped="0" hostname="LAPTOP-72A17Q8C" name="com.coachspan.qa.Coachspan1.CoachesPageTest" tests="3" failures="0" timestamp="2021-02-19T13:45:48 IST" time="6.478" errors="0">
  <testcase name="noofcoaches" time="0.374" classname="com.coachspan.qa.Coachspan1.CoachesPageTest"/>
  <system-out/>
  <testcase name="pageheadingTest" time="0.061" classname="com.coachspan.qa.Coachspan1.CoachesPageTest"/>
  <system-out/>
  <testcase name="coachespage" time="6.043" classname="com.coachspan.qa.Coachspan1.CoachesPageTest"/>
  <system-out/>
</testsuite> <!-- com.coachspan.qa.Coachspan1.CoachesPageTest -->
