<?xml version="1.0" encoding="UTF-8"?>
<!-- Generated by org.testng.reporters.JUnitReportReporter -->
<testsuite skipped="0" hostname="LAPTOP-72A17Q8C" name="com.coachspan.qa.Coachspan1.AvailabilityPageTest" tests="2" failures="0" timestamp="2021-02-18T19:38:07 IST" time="39.137" errors="0">
  <testcase name="fieldvisibility" time="4.694" classname="com.coachspan.qa.Coachspan1.AvailabilityPageTest"/>
  <system-out/>
  <testcase name="redirectThankYouPage" time="34.443" classname="com.coachspan.qa.Coachspan1.AvailabilityPageTest"/>
  <system-out/>
</testsuite> <!-- com.coachspan.qa.Coachspan1.AvailabilityPageTest -->
