<?xml version="1.0" encoding="UTF-8"?>
<!-- Generated by org.testng.reporters.JUnitReportReporter -->
<testsuite skipped="0" hostname="LAPTOP-72A17Q8C" name="com.coachspan.qa.Coachspan1.LoginPageTest" tests="3" failures="0" timestamp="2021-02-16T12:44:16 IST" time="4.718" errors="0">
  <testcase name="VerifyLoginPageTitle" time="0.072" classname="com.coachspan.qa.Coachspan1.LoginPageTest"/>
  <system-out/>
  <testcase name="verifyforgotpasswordlink" time="0.062" classname="com.coachspan.qa.Coachspan1.LoginPageTest"/>
  <system-out/>
  <testcase name="login" time="4.584" classname="com.coachspan.qa.Coachspan1.LoginPageTest"/>
  <system-out/>
</testsuite> <!-- com.coachspan.qa.Coachspan1.LoginPageTest -->
