<?xml version="1.0" encoding="UTF-8"?>
<!-- Generated by org.testng.reporters.JUnitReportReporter -->
<testsuite skipped="0" hostname="LAPTOP-72A17Q8C" name="com.coachspan.qa.Coachspan1.LoginPageTest" tests="3" failures="0" timestamp="2021-02-19T13:45:48 IST" time="2.313" errors="0">
  <testcase name="VerifyLoginPageTitle" time="0.021" classname="com.coachspan.qa.Coachspan1.LoginPageTest"/>
  <system-out/>
  <testcase name="verifyforgotpasswordlink" time="0.069" classname="com.coachspan.qa.Coachspan1.LoginPageTest"/>
  <system-out/>
  <testcase name="login" time="2.223" classname="com.coachspan.qa.Coachspan1.LoginPageTest"/>
  <system-out/>
</testsuite> <!-- com.coachspan.qa.Coachspan1.LoginPageTest -->
