<?xml version="1.0" encoding="UTF-8"?>
<!-- Generated by org.testng.reporters.JUnitReportReporter -->
<testsuite skipped="0" hostname="LAPTOP-72A17Q8C" name="com.coachspan.qa.Coachspan1.AvailabilityPageTest" tests="2" failures="0" timestamp="2021-02-23T10:54:51 IST" time="40.491" errors="0">
  <testcase name="verifyVisibilityofPrimaryEmailField" time="0.081" classname="com.coachspan.qa.Coachspan1.AvailabilityPageTest"/>
  <system-out/>
  <testcase name="VerifyCoachCreationFunctionality" time="40.410" classname="com.coachspan.qa.Coachspan1.AvailabilityPageTest"/>
  <system-out/>
</testsuite> <!-- com.coachspan.qa.Coachspan1.AvailabilityPageTest -->
