<?xml version="1.0" encoding="UTF-8"?>
<!-- Generated by org.testng.reporters.JUnitReportReporter -->
<testsuite skipped="0" hostname="LAPTOP-72A17Q8C" name="com.coachspan.qa.Coachspan1.HomePageTest" tests="3" failures="0" timestamp="2021-02-28T19:53:51 IST" time="42.850" errors="0">
  <testcase name="verfiyHomeOrgLinkTest" time="0.080" classname="com.coachspan.qa.Coachspan1.HomePageTest"/>
  <system-out/>
  <testcase name="verifyHomePageHeadingTest" time="0.060" classname="com.coachspan.qa.Coachspan1.HomePageTest"/>
  <system-out/>
  <testcase name="verifyContextBarSelection" time="42.710" classname="com.coachspan.qa.Coachspan1.HomePageTest"/>
  <system-out/>
</testsuite> <!-- com.coachspan.qa.Coachspan1.HomePageTest -->
