<?xml version="1.0" encoding="UTF-8"?>
<!-- Generated by org.testng.reporters.JUnitReportReporter -->
<testsuite skipped="0" hostname="LAPTOP-72A17Q8C" name="com.coachspan.qa.Coachspan1.CoachesPageTest" tests="3" failures="0" timestamp="2021-02-28T19:53:51 IST" time="10.942" errors="0">
  <testcase name="verifyCL4SPageShown" time="5.809" classname="com.coachspan.qa.Coachspan1.CoachesPageTest"/>
  <system-out/>
  <testcase name="verifyCL4SPageHeadingTest" time="5.063" classname="com.coachspan.qa.Coachspan1.CoachesPageTest"/>
  <system-out/>
  <testcase name="verifyTotalNumberCoachsOnCL4S" time="0.070" classname="com.coachspan.qa.Coachspan1.CoachesPageTest"/>
  <system-out/>
</testsuite> <!-- com.coachspan.qa.Coachspan1.CoachesPageTest -->
