<?xml version="1.0" encoding="UTF-8"?>
<!-- Generated by org.testng.reporters.JUnitReportReporter -->
<testsuite skipped="0" hostname="LAPTOP-72A17Q8C" name="com.coachspan.qa.Coachspan1.CoachesPageTest" tests="3" failures="0" timestamp="2021-02-24T16:23:34 IST" time="11.492" errors="0">
  <testcase name="verifyCL4SPageShown" time="6.419" classname="com.coachspan.qa.Coachspan1.CoachesPageTest"/>
  <system-out/>
  <testcase name="verifyCL4SPageHeadingTest" time="5.034" classname="com.coachspan.qa.Coachspan1.CoachesPageTest"/>
  <system-out/>
  <testcase name="verifyTotalnumbercoachsonCL4S" time="0.039" classname="com.coachspan.qa.Coachspan1.CoachesPageTest"/>
  <system-out/>
</testsuite> <!-- com.coachspan.qa.Coachspan1.CoachesPageTest -->
