<?xml version="1.0" encoding="UTF-8"?>
<!-- Generated by org.testng.reporters.JUnitReportReporter -->
<testsuite skipped="2" hostname="LAPTOP-72A17Q8C" name="com.coachspan.qa.Coachspan1.CSBDTest" tests="3" failures="0" timestamp="2021-02-19T13:45:48 IST" time="41.416" errors="0">
  <testcase name="launchCEEPage" time="41.416" classname="com.coachspan.qa.Coachspan1.CSBDTest"/>
  <system-out/>
  <testcase name="verifyaddedmember" classname="com.coachspan.qa.Coachspan1.CSBDTest">
    <skipped/>
  </testcase> <!-- verifyaddedmember -->
  <system-out/>
  <testcase name="VerifyCEElink" classname="com.coachspan.qa.Coachspan1.CSBDTest">
    <skipped/>
  </testcase> <!-- VerifyCEElink -->
  <system-out/>
</testsuite> <!-- com.coachspan.qa.Coachspan1.CSBDTest -->
