<?xml version="1.0" encoding="UTF-8"?>
<!-- Generated by org.testng.reporters.JUnitReportReporter -->
<testsuite skipped="0" hostname="LAPTOP-72A17Q8C" name="com.coachspan.qa.Coachspan1.LoginPageTest" tests="3" failures="0" timestamp="2021-02-23T10:54:51 IST" time="2.154" errors="0">
  <testcase name="verifyLoginPageTitle" time="0.118" classname="com.coachspan.qa.Coachspan1.LoginPageTest"/>
  <system-out/>
  <testcase name="verifyForgotPasswordLink" time="0.083" classname="com.coachspan.qa.Coachspan1.LoginPageTest"/>
  <system-out/>
  <testcase name="verifyLoginFunctionality" time="1.953" classname="com.coachspan.qa.Coachspan1.LoginPageTest"/>
  <system-out/>
</testsuite> <!-- com.coachspan.qa.Coachspan1.LoginPageTest -->
