<?xml version="1.0" encoding="UTF-8"?>
<!-- Generated by org.testng.reporters.JUnitReportReporter -->
<testsuite skipped="0" hostname="LAPTOP-72A17Q8C" name="com.coachspan.qa.Coachspan1.AvailabilityPageTest" tests="2" failures="0" timestamp="2021-02-24T12:34:41 IST" time="39.407" errors="0">
  <testcase name="VerifyCoachCreationFunctionality" time="39.373" classname="com.coachspan.qa.Coachspan1.AvailabilityPageTest"/>
  <system-out/>
  <testcase name="verifyVisibilityofPrimaryEmailField" time="0.034" classname="com.coachspan.qa.Coachspan1.AvailabilityPageTest"/>
  <system-out/>
</testsuite> <!-- com.coachspan.qa.Coachspan1.AvailabilityPageTest -->
