<?xml version="1.0" encoding="UTF-8"?>
<!-- Generated by org.testng.reporters.JUnitReportReporter -->
<testsuite skipped="2" hostname="LAPTOP-72A17Q8C" name="com.coachspan.qa.Coachspan1.CSBDTest" tests="3" failures="0" timestamp="2021-02-28T19:53:51 IST" time="22.279" errors="0">
  <testcase name="verifyCEELPageLinkPageCopied" time="22.279" classname="com.coachspan.qa.Coachspan1.CSBDTest"/>
  <system-out/>
  <testcase name="verifyAddedMember" classname="com.coachspan.qa.Coachspan1.CSBDTest">
    <skipped/>
  </testcase> <!-- verifyAddedMember -->
  <system-out/>
  <testcase name="VerifyCEElink" classname="com.coachspan.qa.Coachspan1.CSBDTest">
    <skipped/>
  </testcase> <!-- VerifyCEElink -->
  <system-out/>
</testsuite> <!-- com.coachspan.qa.Coachspan1.CSBDTest -->
