<?xml version="1.0" encoding="UTF-8"?>
<!-- Generated by org.testng.reporters.JUnitReportReporter -->
<testsuite skipped="0" hostname="LAPTOP-72A17Q8C" name="com.coachspan.qa.Coachspan1.LoginPageTest" tests="3" failures="0" timestamp="23 Feb 2021 12:52:47 GMT" time="2.732" errors="0">
  <testcase name="verifyLoginPageTitle" time="0.014" classname="com.coachspan.qa.Coachspan1.LoginPageTest"/>
  <testcase name="verifyForgotPasswordLink" time="0.066" classname="com.coachspan.qa.Coachspan1.LoginPageTest"/>
  <testcase name="verifyLoginFunctionality" time="2.652" classname="com.coachspan.qa.Coachspan1.LoginPageTest"/>
</testsuite> <!-- com.coachspan.qa.Coachspan1.LoginPageTest -->
