<?xml version="1.0" encoding="UTF-8"?>
<!-- Generated by org.testng.reporters.JUnitReportReporter -->
<testsuite skipped="0" hostname="LAPTOP-72A17Q8C" name="com.coachspan.qa.Coachspan1.HomePageTest" tests="3" failures="0" timestamp="23 Feb 2021 12:52:40 GMT" time="15.999" errors="0">
  <testcase name="verifyHomePageheadingTest" time="0.058" classname="com.coachspan.qa.Coachspan1.HomePageTest"/>
  <testcase name="verfiyHomeOrgLinkTest" time="0.060" classname="com.coachspan.qa.Coachspan1.HomePageTest"/>
  <testcase name="verifyContextBarSelection" time="15.881" classname="com.coachspan.qa.Coachspan1.HomePageTest"/>
</testsuite> <!-- com.coachspan.qa.Coachspan1.HomePageTest -->
