<?xml version="1.0" encoding="UTF-8"?>
<!-- Generated by org.testng.reporters.JUnitReportReporter -->
<testsuite skipped="0" hostname="LAPTOP-72A17Q8C" name="com.coachspan.qa.Coachspan1.CoachesPageTest" tests="3" failures="0" timestamp="23 Feb 2021 12:51:21 GMT" time="11.394" errors="0">
  <testcase name="verifyCL4SPageShown" time="6.235" classname="com.coachspan.qa.Coachspan1.CoachesPageTest"/>
  <testcase name="verifyCL4SPageHeadingTest" time="5.087" classname="com.coachspan.qa.Coachspan1.CoachesPageTest"/>
  <testcase name="verifyTotalnumbercoachsonCL4S" time="0.072" classname="com.coachspan.qa.Coachspan1.CoachesPageTest"/>
</testsuite> <!-- com.coachspan.qa.Coachspan1.CoachesPageTest -->
