<?xml version="1.0" encoding="UTF-8"?>
<!-- Generated by org.testng.reporters.JUnitReportReporter -->
<testsuite skipped="0" hostname="LAPTOP-72A17Q8C" name="com.coachspan.qa.Coachspan1.CEEPageTest" tests="1" failures="0" timestamp="23 Feb 2021 12:52:11 GMT" time="61.724" errors="0">
  <testcase name="verifyCEEPageShown" time="61.724" classname="com.coachspan.qa.Coachspan1.CEEPageTest"/>
</testsuite> <!-- com.coachspan.qa.Coachspan1.CEEPageTest -->
