<?xml version="1.0" encoding="UTF-8"?>
<!-- Generated by org.testng.reporters.JUnitReportReporter -->
<testsuite skipped="2" hostname="LAPTOP-72A17Q8C" name="com.coachspan.qa.Coachspan1.CSBDTest" tests="3" failures="0" timestamp="23 Feb 2021 12:52:32 GMT" time="17.973" errors="0">
  <testcase name="verifyCEELPageLinkPageCopied" time="17.973" classname="com.coachspan.qa.Coachspan1.CSBDTest"/>
  <testcase name="verifyaddedmember" classname="com.coachspan.qa.Coachspan1.CSBDTest">
    <skipped/>
  </testcase> <!-- verifyaddedmember -->
  <testcase name="VerifyCEElink" classname="com.coachspan.qa.Coachspan1.CSBDTest">
    <skipped/>
  </testcase> <!-- VerifyCEElink -->
</testsuite> <!-- com.coachspan.qa.Coachspan1.CSBDTest -->
